<?xml version="1.0" encoding="UTF-8"?>
<testng-results skipped="0" failed="0" total="1" passed="1">
  <reporter-output>
  </reporter-output>
  <suite name="Default suite" duration-ms="598661" started-at="2016-06-14T13:12:57Z" finished-at="2016-06-14T13:22:56Z">
    <groups>
    </groups>
    <test name="Default test" duration-ms="598661" started-at="2016-06-14T13:12:57Z" finished-at="2016-06-14T13:22:56Z">
      <class name="com.mobile.testing.SafetyWorldTracker">
        <test-method status="PASS" signature="beforeTest()[pri:0, instance:com.mobile.testing.SafetyWorldTracker@2296c1d]" name="beforeTest" is-config="true" duration-ms="13357" started-at="2016-06-14T18:42:57Z" finished-at="2016-06-14T18:43:11Z">
          <reporter-output>
          </reporter-output>
        </test-method> <!-- beforeTest -->
        <test-method status="PASS" signature="testMail()[pri:0, instance:com.mobile.testing.SafetyWorldTracker@2296c1d]" name="testMail" duration-ms="584511" started-at="2016-06-14T18:43:11Z" finished-at="2016-06-14T18:52:55Z">
          <reporter-output>
          </reporter-output>
        </test-method> <!-- testMail -->
        <test-method status="PASS" signature="afterTest()[pri:0, instance:com.mobile.testing.SafetyWorldTracker@2296c1d]" name="afterTest" is-config="true" duration-ms="782" started-at="2016-06-14T18:52:55Z" finished-at="2016-06-14T18:52:56Z">
          <reporter-output>
          </reporter-output>
        </test-method> <!-- afterTest -->
      </class> <!-- com.mobile.testing.SafetyWorldTracker -->
    </test> <!-- Default test -->
  </suite> <!-- Default suite -->
</testng-results>
